<?xml version="1.0" encoding="UTF-8"?>
<!-- Generated by org.testng.reporters.JUnitReportReporter -->
<testsuite hostname="DESKTOP-AJU7I5S" failures="0" tests="1" name="test.BasicValidation" time="1.553" errors="0" timestamp="2025-08-05T14:50:25 IST" skipped="0">
  <testcase classname="test.BasicValidation" name="welcomeValidateMessage" time="1.553">
    <system-out>
      <![CDATA[Expected Result = Facebook helps you connect and share with the people in your life.
actualResult = Facebook helps you connect and share with the people in your life.]]>
    </system-out>
  </testcase> <!-- welcomeValidateMessage -->
  <system-out>
    <![CDATA[Expected Result = Facebook helps you connect and share with the people in your life.
actualResult = Facebook helps you connect and share with the people in your life.]]>
  </system-out>
</testsuite> <!-- test.BasicValidation -->
